<?xml version="1.0" encoding="UTF-8"?>
<testsuite xmlns:xsi="http://www.w3.org/2001/XMLSchema-instance" xsi:noNamespaceSchemaLocation="https://maven.apache.org/surefire/maven-surefire-plugin/xsd/surefire-test-report.xsd" name="com.wuchao.rabbitmq.config.RabbitMQConfigTest" time="3.176" tests="1" errors="0" skipped="0" failures="0">
  <properties>
    <property name="sun.desktop" value="windows"/>
    <property name="awt.toolkit" value="sun.awt.windows.WToolkit"/>
    <property name="file.encoding.pkg" value="sun.io"/>
    <property name="java.specification.version" value="1.8"/>
    <property name="sun.cpu.isalist" value="amd64"/>
    <property name="sun.jnu.encoding" value="GBK"/>
    <property name="java.class.path" value="E:\develp\Idea_Project\rabbitmq\springboot-rabbitmq-producer\target\test-classes;E:\develp\Idea_Project\rabbitmq\springboot-rabbitmq-producer\target\classes;E:\develp\Maven_c\repository\org\springframework\boot\spring-boot-starter-amqp\2.1.4.RELEASE\spring-boot-starter-amqp-2.1.4.RELEASE.jar;E:\develp\Maven_c\repository\org\springframework\boot\spring-boot-starter\2.1.4.RELEASE\spring-boot-starter-2.1.4.RELEASE.jar;E:\develp\Maven_c\repository\org\springframework\boot\spring-boot\2.1.4.RELEASE\spring-boot-2.1.4.RELEASE.jar;E:\develp\Maven_c\repository\org\springframework\boot\spring-boot-autoconfigure\2.1.4.RELEASE\spring-boot-autoconfigure-2.1.4.RELEASE.jar;E:\develp\Maven_c\repository\org\springframework\boot\spring-boot-starter-logging\2.1.4.RELEASE\spring-boot-starter-logging-2.1.4.RELEASE.jar;E:\develp\Maven_c\repository\ch\qos\logback\logback-classic\1.2.3\logback-classic-1.2.3.jar;E:\develp\Maven_c\repository\ch\qos\logback\logback-core\1.2.3\logback-core-1.2.3.jar;E:\develp\Maven_c\repository\org\apache\logging\log4j\log4j-to-slf4j\2.11.2\log4j-to-slf4j-2.11.2.jar;E:\develp\Maven_c\repository\org\apache\logging\log4j\log4j-api\2.11.2\log4j-api-2.11.2.jar;E:\develp\Maven_c\repository\org\slf4j\jul-to-slf4j\1.7.26\jul-to-slf4j-1.7.26.jar;E:\develp\Maven_c\repository\javax\annotation\javax.annotation-api\1.3.2\javax.annotation-api-1.3.2.jar;E:\develp\Maven_c\repository\org\yaml\snakeyaml\1.23\snakeyaml-1.23.jar;E:\develp\Maven_c\repository\org\springframework\spring-messaging\5.1.6.RELEASE\spring-messaging-5.1.6.RELEASE.jar;E:\develp\Maven_c\repository\org\springframework\spring-beans\5.1.6.RELEASE\spring-beans-5.1.6.RELEASE.jar;E:\develp\Maven_c\repository\org\springframework\amqp\spring-rabbit\2.1.5.RELEASE\spring-rabbit-2.1.5.RELEASE.jar;E:\develp\Maven_c\repository\org\springframework\amqp\spring-amqp\2.1.5.RELEASE\spring-amqp-2.1.5.RELEASE.jar;E:\develp\Maven_c\repository\org\springframework\retry\spring-retry\1.2.4.RELEASE\spring-retry-1.2.4.RELEASE.jar;E:\develp\Maven_c\repository\com\rabbitmq\amqp-client\5.4.3\amqp-client-5.4.3.jar;E:\develp\Maven_c\repository\org\springframework\spring-context\5.1.6.RELEASE\spring-context-5.1.6.RELEASE.jar;E:\develp\Maven_c\repository\org\springframework\spring-aop\5.1.6.RELEASE\spring-aop-5.1.6.RELEASE.jar;E:\develp\Maven_c\repository\org\springframework\spring-expression\5.1.6.RELEASE\spring-expression-5.1.6.RELEASE.jar;E:\develp\Maven_c\repository\org\springframework\spring-tx\5.1.6.RELEASE\spring-tx-5.1.6.RELEASE.jar;E:\develp\Maven_c\repository\org\springframework\boot\spring-boot-starter-test\2.1.4.RELEASE\spring-boot-starter-test-2.1.4.RELEASE.jar;E:\develp\Maven_c\repository\org\springframework\boot\spring-boot-test\2.1.4.RELEASE\spring-boot-test-2.1.4.RELEASE.jar;E:\develp\Maven_c\repository\org\springframework\boot\spring-boot-test-autoconfigure\2.1.4.RELEASE\spring-boot-test-autoconfigure-2.1.4.RELEASE.jar;E:\develp\Maven_c\repository\com\jayway\jsonpath\json-path\2.4.0\json-path-2.4.0.jar;E:\develp\Maven_c\repository\net\minidev\json-smart\2.3\json-smart-2.3.jar;E:\develp\Maven_c\repository\net\minidev\accessors-smart\1.2\accessors-smart-1.2.jar;E:\develp\Maven_c\repository\org\ow2\asm\asm\5.0.4\asm-5.0.4.jar;E:\develp\Maven_c\repository\org\slf4j\slf4j-api\1.7.26\slf4j-api-1.7.26.jar;E:\develp\Maven_c\repository\junit\junit\4.12\junit-4.12.jar;E:\develp\Maven_c\repository\org\assertj\assertj-core\3.11.1\assertj-core-3.11.1.jar;E:\develp\Maven_c\repository\org\mockito\mockito-core\2.23.4\mockito-core-2.23.4.jar;E:\develp\Maven_c\repository\net\bytebuddy\byte-buddy\1.9.12\byte-buddy-1.9.12.jar;E:\develp\Maven_c\repository\net\bytebuddy\byte-buddy-agent\1.9.12\byte-buddy-agent-1.9.12.jar;E:\develp\Maven_c\repository\org\objenesis\objenesis\2.6\objenesis-2.6.jar;E:\develp\Maven_c\repository\org\hamcrest\hamcrest-core\1.3\hamcrest-core-1.3.jar;E:\develp\Maven_c\repository\org\hamcrest\hamcrest-library\1.3\hamcrest-library-1.3.jar;E:\develp\Maven_c\repository\org\skyscreamer\jsonassert\1.5.0\jsonassert-1.5.0.jar;E:\develp\Maven_c\repository\com\vaadin\external\google\android-json\0.0.20131108.vaadin1\android-json-0.0.20131108.vaadin1.jar;E:\develp\Maven_c\repository\org\springframework\spring-core\5.1.6.RELEASE\spring-core-5.1.6.RELEASE.jar;E:\develp\Maven_c\repository\org\springframework\spring-jcl\5.1.6.RELEASE\spring-jcl-5.1.6.RELEASE.jar;E:\develp\Maven_c\repository\org\springframework\spring-test\5.1.6.RELEASE\spring-test-5.1.6.RELEASE.jar;E:\develp\Maven_c\repository\org\xmlunit\xmlunit-core\2.6.2\xmlunit-core-2.6.2.jar;"/>
    <property name="java.vm.vendor" value="Oracle Corporation"/>
    <property name="sun.arch.data.model" value="64"/>
    <property name="user.variant" value=""/>
    <property name="java.vendor.url" value="http://java.oracle.com/"/>
    <property name="user.timezone" value="Asia/Shanghai"/>
    <property name="java.vm.specification.version" value="1.8"/>
    <property name="os.name" value="Windows 10"/>
    <property name="user.country" value="CN"/>
    <property name="sun.java.launcher" value="SUN_STANDARD"/>
    <property name="sun.boot.library.path" value="E:\develp\Java\jdk-8\jre\bin"/>
    <property name="sun.java.command" value="C:\Users\吴超\AppData\Local\Temp\surefire5672766739014329317\surefirebooter8617259939055960726.jar C:\Users\吴超\AppData\Local\Temp\surefire5672766739014329317 2020-02-26T09-49-22_160-jvmRun1 surefire2470305913673253817tmp surefire_0613100375161243283tmp"/>
    <property name="surefire.test.class.path" value="E:\develp\Idea_Project\rabbitmq\springboot-rabbitmq-producer\target\test-classes;E:\develp\Idea_Project\rabbitmq\springboot-rabbitmq-producer\target\classes;E:\develp\Maven_c\repository\org\springframework\boot\spring-boot-starter-amqp\2.1.4.RELEASE\spring-boot-starter-amqp-2.1.4.RELEASE.jar;E:\develp\Maven_c\repository\org\springframework\boot\spring-boot-starter\2.1.4.RELEASE\spring-boot-starter-2.1.4.RELEASE.jar;E:\develp\Maven_c\repository\org\springframework\boot\spring-boot\2.1.4.RELEASE\spring-boot-2.1.4.RELEASE.jar;E:\develp\Maven_c\repository\org\springframework\boot\spring-boot-autoconfigure\2.1.4.RELEASE\spring-boot-autoconfigure-2.1.4.RELEASE.jar;E:\develp\Maven_c\repository\org\springframework\boot\spring-boot-starter-logging\2.1.4.RELEASE\spring-boot-starter-logging-2.1.4.RELEASE.jar;E:\develp\Maven_c\repository\ch\qos\logback\logback-classic\1.2.3\logback-classic-1.2.3.jar;E:\develp\Maven_c\repository\ch\qos\logback\logback-core\1.2.3\logback-core-1.2.3.jar;E:\develp\Maven_c\repository\org\apache\logging\log4j\log4j-to-slf4j\2.11.2\log4j-to-slf4j-2.11.2.jar;E:\develp\Maven_c\repository\org\apache\logging\log4j\log4j-api\2.11.2\log4j-api-2.11.2.jar;E:\develp\Maven_c\repository\org\slf4j\jul-to-slf4j\1.7.26\jul-to-slf4j-1.7.26.jar;E:\develp\Maven_c\repository\javax\annotation\javax.annotation-api\1.3.2\javax.annotation-api-1.3.2.jar;E:\develp\Maven_c\repository\org\yaml\snakeyaml\1.23\snakeyaml-1.23.jar;E:\develp\Maven_c\repository\org\springframework\spring-messaging\5.1.6.RELEASE\spring-messaging-5.1.6.RELEASE.jar;E:\develp\Maven_c\repository\org\springframework\spring-beans\5.1.6.RELEASE\spring-beans-5.1.6.RELEASE.jar;E:\develp\Maven_c\repository\org\springframework\amqp\spring-rabbit\2.1.5.RELEASE\spring-rabbit-2.1.5.RELEASE.jar;E:\develp\Maven_c\repository\org\springframework\amqp\spring-amqp\2.1.5.RELEASE\spring-amqp-2.1.5.RELEASE.jar;E:\develp\Maven_c\repository\org\springframework\retry\spring-retry\1.2.4.RELEASE\spring-retry-1.2.4.RELEASE.jar;E:\develp\Maven_c\repository\com\rabbitmq\amqp-client\5.4.3\amqp-client-5.4.3.jar;E:\develp\Maven_c\repository\org\springframework\spring-context\5.1.6.RELEASE\spring-context-5.1.6.RELEASE.jar;E:\develp\Maven_c\repository\org\springframework\spring-aop\5.1.6.RELEASE\spring-aop-5.1.6.RELEASE.jar;E:\develp\Maven_c\repository\org\springframework\spring-expression\5.1.6.RELEASE\spring-expression-5.1.6.RELEASE.jar;E:\develp\Maven_c\repository\org\springframework\spring-tx\5.1.6.RELEASE\spring-tx-5.1.6.RELEASE.jar;E:\develp\Maven_c\repository\org\springframework\boot\spring-boot-starter-test\2.1.4.RELEASE\spring-boot-starter-test-2.1.4.RELEASE.jar;E:\develp\Maven_c\repository\org\springframework\boot\spring-boot-test\2.1.4.RELEASE\spring-boot-test-2.1.4.RELEASE.jar;E:\develp\Maven_c\repository\org\springframework\boot\spring-boot-test-autoconfigure\2.1.4.RELEASE\spring-boot-test-autoconfigure-2.1.4.RELEASE.jar;E:\develp\Maven_c\repository\com\jayway\jsonpath\json-path\2.4.0\json-path-2.4.0.jar;E:\develp\Maven_c\repository\net\minidev\json-smart\2.3\json-smart-2.3.jar;E:\develp\Maven_c\repository\net\minidev\accessors-smart\1.2\accessors-smart-1.2.jar;E:\develp\Maven_c\repository\org\ow2\asm\asm\5.0.4\asm-5.0.4.jar;E:\develp\Maven_c\repository\org\slf4j\slf4j-api\1.7.26\slf4j-api-1.7.26.jar;E:\develp\Maven_c\repository\junit\junit\4.12\junit-4.12.jar;E:\develp\Maven_c\repository\org\assertj\assertj-core\3.11.1\assertj-core-3.11.1.jar;E:\develp\Maven_c\repository\org\mockito\mockito-core\2.23.4\mockito-core-2.23.4.jar;E:\develp\Maven_c\repository\net\bytebuddy\byte-buddy\1.9.12\byte-buddy-1.9.12.jar;E:\develp\Maven_c\repository\net\bytebuddy\byte-buddy-agent\1.9.12\byte-buddy-agent-1.9.12.jar;E:\develp\Maven_c\repository\org\objenesis\objenesis\2.6\objenesis-2.6.jar;E:\develp\Maven_c\repository\org\hamcrest\hamcrest-core\1.3\hamcrest-core-1.3.jar;E:\develp\Maven_c\repository\org\hamcrest\hamcrest-library\1.3\hamcrest-library-1.3.jar;E:\develp\Maven_c\repository\org\skyscreamer\jsonassert\1.5.0\jsonassert-1.5.0.jar;E:\develp\Maven_c\repository\com\vaadin\external\google\android-json\0.0.20131108.vaadin1\android-json-0.0.20131108.vaadin1.jar;E:\develp\Maven_c\repository\org\springframework\spring-core\5.1.6.RELEASE\spring-core-5.1.6.RELEASE.jar;E:\develp\Maven_c\repository\org\springframework\spring-jcl\5.1.6.RELEASE\spring-jcl-5.1.6.RELEASE.jar;E:\develp\Maven_c\repository\org\springframework\spring-test\5.1.6.RELEASE\spring-test-5.1.6.RELEASE.jar;E:\develp\Maven_c\repository\org\xmlunit\xmlunit-core\2.6.2\xmlunit-core-2.6.2.jar;"/>
    <property name="sun.cpu.endian" value="little"/>
    <property name="user.home" value="C:\Users\吴超"/>
    <property name="user.language" value="zh"/>
    <property name="java.specification.vendor" value="Oracle Corporation"/>
    <property name="java.home" value="E:\develp\Java\jdk-8\jre"/>
    <property name="basedir" value="E:\develp\Idea_Project\rabbitmq\springboot-rabbitmq-producer"/>
    <property name="file.separator" value="\"/>
    <property name="line.separator" value="&#10;"/>
    <property name="idea.version2019.2.4" value="true"/>
    <property name="java.vm.specification.vendor" value="Oracle Corporation"/>
    <property name="java.specification.name" value="Java Platform API Specification"/>
    <property name="java.awt.graphicsenv" value="sun.awt.Win32GraphicsEnvironment"/>
    <property name="surefire.real.class.path" value="C:\Users\吴超\AppData\Local\Temp\surefire5672766739014329317\surefirebooter8617259939055960726.jar"/>
    <property name="sun.boot.class.path" value="E:\develp\Java\jdk-8\jre\lib\resources.jar;E:\develp\Java\jdk-8\jre\lib\rt.jar;E:\develp\Java\jdk-8\jre\lib\sunrsasign.jar;E:\develp\Java\jdk-8\jre\lib\jsse.jar;E:\develp\Java\jdk-8\jre\lib\jce.jar;E:\develp\Java\jdk-8\jre\lib\charsets.jar;E:\develp\Java\jdk-8\jre\lib\jfr.jar;E:\develp\Java\jdk-8\jre\classes"/>
    <property name="user.script" value=""/>
    <property name="sun.management.compiler" value="HotSpot 64-Bit Tiered Compilers"/>
    <property name="java.runtime.version" value="1.8.0_151-b12"/>
    <property name="user.name" value="吴超"/>
    <property name="path.separator" value=";"/>
    <property name="os.version" value="10.0"/>
    <property name="java.endorsed.dirs" value="E:\develp\Java\jdk-8\jre\lib\endorsed"/>
    <property name="java.runtime.name" value="Java(TM) SE Runtime Environment"/>
    <property name="file.encoding" value="GBK"/>
    <property name="java.vm.name" value="Java HotSpot(TM) 64-Bit Server VM"/>
    <property name="localRepository" value="E:\develp\Maven_c\repository"/>
    <property name="java.vendor.url.bug" value="http://bugreport.sun.com/bugreport/"/>
    <property name="java.io.tmpdir" value="C:\Users\吴超\AppData\Local\Temp\"/>
    <property name="java.version" value="1.8.0_151"/>
    <property name="user.dir" value="E:\develp\Idea_Project\rabbitmq\springboot-rabbitmq-producer"/>
    <property name="os.arch" value="amd64"/>
    <property name="java.vm.specification.name" value="Java Virtual Machine Specification"/>
    <property name="java.awt.printerjob" value="sun.awt.windows.WPrinterJob"/>
    <property name="sun.os.patch.level" value=""/>
    <property name="java.library.path" value="E:\develp\Java\jdk-8\jre\bin;C:\Windows\Sun\Java\bin;C:\Windows\system32;C:\Windows;D:\app\wuchao\product\11.2.0\dbhome_1\bin;E:\develp\Java\jdk-8\bin;C:\ProgramData\Oracle\Java\javapath;C:\Program Files (x86)\Intel\Intel(R) Management Engine Components\iCLS\;C:\Program Files\Intel\Intel(R) Management Engine Components\iCLS\;C:\Windows\system32;C:\Windows;C:\Windows\System32\Wbem;C:\Windows\System32\WindowsPowerShell\v1.0\;C:\Windows\System32\OpenSSH\;C:\Program Files (x86)\Intel\Intel(R) Management Engine Components\DAL;C:\Program Files\Intel\Intel(R) Management Engine Components\DAL;C:\Program Files\Intel\WiFi\bin\;C:\Program Files\Common Files\Intel\WirelessCommon\;C:\Program Files (x86)\NVIDIA Corporation\PhysX\Common;E:\develp\MySQL\MySQL Server 5.5\bin;E:\develp\apache-maven-3.5.2\bin;C:\Program Files\NVIDIA Corporation\NVIDIA NvDLISR;E:\develp\Git\cmd;E:\RuanJian\nodejs\;E:\RuanJian\wkhtmltopdf\bin;C:\Program Files (x86)\Pandoc\;E:\RuanJian\Ruby23-x64\bin;C:\Users\吴超\AppData\Local\Microsoft\WindowsApps;E:\RuanJian\IntelliJ IDEA 2019.2.4\bin;C:\Users\吴超\AppData\Roaming\npm;D:\pscp;C:\Users\吴超\AppData\Local\BypassRuntm;E:\RuanJian\Fiddler;."/>
    <property name="java.vm.info" value="mixed mode"/>
    <property name="java.vendor" value="Oracle Corporation"/>
    <property name="java.vm.version" value="25.151-b12"/>
    <property name="java.ext.dirs" value="E:\develp\Java\jdk-8\jre\lib\ext;C:\Windows\Sun\Java\lib\ext"/>
    <property name="sun.io.unicode.encoding" value="UnicodeLittle"/>
    <property name="maven.repo.local" value="E:\develp\Maven_c\repository"/>
    <property name="java.class.version" value="52.0"/>
  </properties>
  <testcase name="test" classname="com.wuchao.rabbitmq.config.RabbitMQConfigTest" time="0.957"/>
</testsuite>